2019-06-28 09:16:00.965  INFO 6484 --- [main] o.s.b.w.embedded.tomcat.TomcatWebServer  : Tomcat initialized with port(s): 8102 (http)
2019-06-28 09:16:01.184  INFO 6484 --- [main] o.s.web.context.ContextLoader            : Root WebApplicationContext: initialization completed in 2310 ms
2019-06-28 09:16:10.962  INFO 6484 --- [main] pertySourcedRequestMappingHandlerMapping : Mapped URL path [/v2/api-docs] onto method [public org.springframework.http.ResponseEntity<springfox.documentation.spring.web.json.Json> springfox.documentation.swagger2.web.Swagger2Controller.getDocumentation(java.lang.String,javax.servlet.http.HttpServletRequest)]
2019-06-28 09:16:11.067  INFO 6484 --- [main] o.s.s.concurrent.ThreadPoolTaskExecutor  : Initializing ExecutorService 'applicationTaskExecutor'
2019-06-28 09:16:11.148  INFO 6484 --- [main] o.s.b.a.w.s.WelcomePageHandlerMapping    : Adding welcome page: class path resource [static/index.html]
2019-06-28 09:16:11.225  INFO 6484 --- [main] d.s.w.p.DocumentationPluginsBootstrapper : Context refreshed
2019-06-28 09:16:11.245  INFO 6484 --- [main] d.s.w.p.DocumentationPluginsBootstrapper : Found 1 custom documentation plugin(s)
2019-06-28 09:16:11.314  INFO 6484 --- [main] s.d.s.w.s.ApiListingReferenceScanner     : Scanning for api listing references
2019-06-28 09:16:11.522  INFO 6484 --- [main] .d.s.w.r.o.CachingOperationNameGenerator : Generating unique operation named: disableRouteUsingPUT_1
2019-06-28 09:16:11.523  INFO 6484 --- [main] .d.s.w.r.o.CachingOperationNameGenerator : Generating unique operation named: enableRouteUsingPUT_1
2019-06-28 09:16:11.552  INFO 6484 --- [main] .d.s.w.r.o.CachingOperationNameGenerator : Generating unique operation named: searchServiceUsingGET_1
2019-06-28 09:16:11.585  INFO 6484 --- [main] .d.s.w.r.o.CachingOperationNameGenerator : Generating unique operation named: createRuleUsingPOST_1
2019-06-28 09:16:11.586  INFO 6484 --- [main] .d.s.w.r.o.CachingOperationNameGenerator : Generating unique operation named: deleteRouteUsingDELETE_1
2019-06-28 09:16:11.588  INFO 6484 --- [main] .d.s.w.r.o.CachingOperationNameGenerator : Generating unique operation named: detailRouteUsingGET_1
2019-06-28 09:16:11.589  INFO 6484 --- [main] .d.s.w.r.o.CachingOperationNameGenerator : Generating unique operation named: disableRouteUsingPUT_2
2019-06-28 09:16:11.590  INFO 6484 --- [main] .d.s.w.r.o.CachingOperationNameGenerator : Generating unique operation named: enableRouteUsingPUT_2
2019-06-28 09:16:11.591  INFO 6484 --- [main] .d.s.w.r.o.CachingOperationNameGenerator : Generating unique operation named: searchRoutesUsingGET_1
2019-06-28 09:16:11.593  INFO 6484 --- [main] .d.s.w.r.o.CachingOperationNameGenerator : Generating unique operation named: updateRuleUsingPUT_1
2019-06-28 09:16:11.629  INFO 6484 --- [main] o.s.b.w.embedded.tomcat.TomcatWebServer  : Tomcat started on port(s): 8102 (http) with context path ''
2019-06-28 09:37:17.756  INFO 6484 --- [http-nio-8102-exec-3] o.s.web.servlet.DispatcherServlet        : Initializing Servlet 'dispatcherServlet'
2019-06-28 09:37:17.765  INFO 6484 --- [http-nio-8102-exec-3] o.s.web.servlet.DispatcherServlet        : Completed initialization in 9 ms
